# JRE version: OpenJDK Runtime Environment (8.0_312-b07) (build 1.8.0_312-b07)
# Java VM: OpenJDK 64-Bit Server VM (25.312-b07 mixed mode windows-amd64 compressed oops)
Heap:
 PSYoungGen      total 3227648K, used 2583142K [0x000000066c000000, 0x0000000758e80000, 0x00000007c0000000)
  eden space 2916352K, 78% used [0x000000066c000000,0x00000006f820d018,0x000000071e000000)
  from space 311296K, 92% used [0x000000071e000000,0x000000072f88cb98,0x0000000731000000)
  to   space 352256K, 0% used [0x0000000743680000,0x0000000743680000,0x0000000758e80000)
 ParOldGen       total 1214976K, used 816839K [0x00000003c4000000, 0x000000040e280000, 0x000000066c000000)
  object space 1214976K, 67% used [0x00000003c4000000,0x00000003f5db1d40,0x000000040e280000)
 Metaspace       used 218257K, capacity 234116K, committed 234368K, reserved 1236992K
  class space    used 37577K, capacity 47181K, committed 47232K, reserved 1048576K
GC Heap History (10 events):
Event: 45.889 GC heap before
{Heap before GC invocations=31 (full 5):
 PSYoungGen      total 2806784K, used 138176K [0x000000066c000000, 0x0000000725900000, 0x00000007c0000000)
  eden space 2640896K, 0% used [0x000000066c000000,0x000000066c000000,0x000000070d300000)
  from space 165888K, 83% used [0x0000000718200000,0x00000007208f0320,0x0000000722400000)
  to   space 179200K, 0% used [0x000000070d300000,0x000000070d300000,0x0000000718200000)
 ParOldGen       total 711168K, used 427662K [0x00000003c4000000, 0x00000003ef680000, 0x000000066c000000)
  object space 711168K, 60% used [0x00000003c4000000,0x00000003de1a3860,0x00000003ef680000)
 Metaspace       used 144635K, capacity 148803K, committed 148864K, reserved 1175552K
  class space    used 21566K, capacity 22869K, committed 22912K, reserved 1048576K
Event: 46.145 GC heap after
Heap after GC invocations=31 (full 5):
 PSYoungGen      total 2806784K, used 0K [0x000000066c000000, 0x0000000725900000, 0x00000007c0000000)
  eden space 2640896K, 0% used [0x000000066c000000,0x000000066c000000,0x000000070d300000)
  from space 165888K, 0% used [0x0000000718200000,0x0000000718200000,0x0000000722400000)
  to   space 179200K, 0% used [0x000000070d300000,0x000000070d300000,0x0000000718200000)
 ParOldGen       total 817152K, used 514564K [0x00000003c4000000, 0x00000003f5e00000, 0x000000066c000000)
  object space 817152K, 62% used [0x00000003c4000000,0x00000003e36812a0,0x00000003f5e00000)
 Metaspace       used 144635K, capacity 148803K, committed 148864K, reserved 1175552K
  class space    used 21566K, capacity 22869K, committed 22912K, reserved 1048576K
}
Event: 48.858 GC heap before
{Heap before GC invocations=32 (full 5):
 PSYoungGen      total 2806784K, used 2640896K [0x000000066c000000, 0x0000000725900000, 0x00000007c0000000)
  eden space 2640896K, 100% used [0x000000066c000000,0x000000070d300000,0x000000070d300000)
  from space 165888K, 0% used [0x0000000718200000,0x0000000718200000,0x0000000722400000)
  to   space 179200K, 0% used [0x000000070d300000,0x000000070d300000,0x0000000718200000)
 ParOldGen       total 817152K, used 514564K [0x00000003c4000000, 0x00000003f5e00000, 0x000000066c000000)
  object space 817152K, 62% used [0x00000003c4000000,0x00000003e36812a0,0x00000003f5e00000)
 Metaspace       used 156580K, capacity 161630K, committed 161920K, reserved 1185792K
  class space    used 22723K, capacity 24689K, committed 24704K, reserved 1048576K
Event: 48.941 GC heap after
Heap after GC invocations=32 (full 5):
 PSYoungGen      total 2820096K, used 179178K [0x000000066c000000, 0x000000073f800000, 0x00000007c0000000)
  eden space 2640896K, 0% used [0x000000066c000000,0x000000066c000000,0x000000070d300000)
  from space 179200K, 99% used [0x000000070d300000,0x00000007181fa810,0x0000000718200000)
  to   space 237568K, 0% used [0x0000000731000000,0x0000000731000000,0x000000073f800000)
 ParOldGen       total 817152K, used 603754K [0x00000003c4000000, 0x00000003f5e00000, 0x000000066c000000)
  object space 817152K, 73% used [0x00000003c4000000,0x00000003e8d9abe8,0x00000003f5e00000)
 Metaspace       used 156580K, capacity 161630K, committed 161920K, reserved 1185792K
  class space    used 22723K, capacity 24689K, committed 24704K, reserved 1048576K
}
Event: 52.542 GC heap before
{Heap before GC invocations=33 (full 5):
 PSYoungGen      total 2820096K, used 2820074K [0x000000066c000000, 0x000000073f800000, 0x00000007c0000000)
  eden space 2640896K, 100% used [0x000000066c000000,0x000000070d300000,0x000000070d300000)
  from space 179200K, 99% used [0x000000070d300000,0x00000007181fa810,0x0000000718200000)
  to   space 237568K, 0% used [0x0000000731000000,0x0000000731000000,0x000000073f800000)
 ParOldGen       total 817152K, used 603754K [0x00000003c4000000, 0x00000003f5e00000, 0x000000066c000000)
  object space 817152K, 73% used [0x00000003c4000000,0x00000003e8d9abe8,0x00000003f5e00000)
 Metaspace       used 191079K, capacity 204945K, committed 205312K, reserved 1214464K
  class space    used 31824K, capacity 40338K, committed 40448K, reserved 1048576K
Event: 52.647 GC heap after
Heap after GC invocations=33 (full 5):
 PSYoungGen      total 3153920K, used 237546K [0x000000066c000000, 0x000000074a300000, 0x00000007c0000000)
  eden space 2916352K, 0% used [0x000000066c000000,0x000000066c000000,0x000000071e000000)
  from space 237568K, 99% used [0x0000000731000000,0x000000073f7faa78,0x000000073f800000)
  to   space 311296K, 0% used [0x000000071e000000,0x000000071e000000,0x0000000731000000)
 ParOldGen       total 817152K, used 704356K [0x00000003c4000000, 0x00000003f5e00000, 0x000000066c000000)
  object space 817152K, 86% used [0x00000003c4000000,0x00000003eefd9368,0x00000003f5e00000)
 Metaspace       used 191079K, capacity 204945K, committed 205312K, reserved 1214464K
  class space    used 31824K, capacity 40338K, committed 40448K, reserved 1048576K
}
Event: 52.647 GC heap before
{Heap before GC invocations=34 (full 6):
 PSYoungGen      total 3153920K, used 237546K [0x000000066c000000, 0x000000074a300000, 0x00000007c0000000)
  eden space 2916352K, 0% used [0x000000066c000000,0x000000066c000000,0x000000071e000000)
  from space 237568K, 99% used [0x0000000731000000,0x000000073f7faa78,0x000000073f800000)
  to   space 311296K, 0% used [0x000000071e000000,0x000000071e000000,0x0000000731000000)
 ParOldGen       total 817152K, used 704356K [0x00000003c4000000, 0x00000003f5e00000, 0x000000066c000000)
  object space 817152K, 86% used [0x00000003c4000000,0x00000003eefd9368,0x00000003f5e00000)
 Metaspace       used 191079K, capacity 204945K, committed 205312K, reserved 1214464K
  class space    used 31824K, capacity 40338K, committed 40448K, reserved 1048576K
Event: 53.520 GC heap after
Heap after GC invocations=34 (full 6):
 PSYoungGen      total 3153920K, used 71591K [0x000000066c000000, 0x000000074a300000, 0x00000007c0000000)
  eden space 2916352K, 0% used [0x000000066c000000,0x000000066c000000,0x000000071e000000)
  from space 237568K, 30% used [0x0000000731000000,0x00000007355e9e40,0x000000073f800000)
  to   space 311296K, 0% used [0x000000071e000000,0x000000071e000000,0x0000000731000000)
 ParOldGen       total 1214976K, used 816831K [0x00000003c4000000, 0x000000040e280000, 0x000000066c000000)
  object space 1214976K, 67% used [0x00000003c4000000,0x00000003f5dafd40,0x000000040e280000)
 Metaspace       used 191079K, capacity 204945K, committed 205312K, reserved 1214464K
  class space    used 31824K, capacity 40338K, committed 40448K, reserved 1048576K
}
Event: 58.126 GC heap before
{Heap before GC invocations=35 (full 6):
 PSYoungGen      total 3153920K, used 2987943K [0x000000066c000000, 0x000000074a300000, 0x00000007c0000000)
  eden space 2916352K, 100% used [0x000000066c000000,0x000000071e000000,0x000000071e000000)
  from space 237568K, 30% used [0x0000000731000000,0x00000007355e9e40,0x000000073f800000)
  to   space 311296K, 0% used [0x000000071e000000,0x000000071e000000,0x0000000731000000)
 ParOldGen       total 1214976K, used 816831K [0x00000003c4000000, 0x000000040e280000, 0x000000066c000000)
  object space 1214976K, 67% used [0x00000003c4000000,0x00000003f5dafd40,0x000000040e280000)
 Metaspace       used 212095K, capacity 227600K, committed 228096K, reserved 1230848K
  class space    used 36646K, capacity 46233K, committed 46336K, reserved 1048576K
Event: 58.224 GC heap after
Heap after GC invocations=35 (full 6):
 PSYoungGen      total 3227648K, used 287282K [0x000000066c000000, 0x0000000758e80000, 0x00000007c0000000)
  eden space 2916352K, 0% used [0x000000066c000000,0x000000066c000000,0x000000071e000000)
  from space 311296K, 92% used [0x000000071e000000,0x000000072f88cb98,0x0000000731000000)
  to   space 352256K, 0% used [0x0000000743680000,0x0000000743680000,0x0000000758e80000)
 ParOldGen       total 1214976K, used 816839K [0x00000003c4000000, 0x000000040e280000, 0x000000066c000000)
  object space 1214976K, 67% used [0x00000003c4000000,0x00000003f5db1d40,0x000000040e280000)
 Metaspace       used 212095K, capacity 227600K, committed 228096K, reserved 1230848K
  class space    used 36646K, capacity 46233K, committed 46336K, reserved 1048576K
}

